Copyright 1986-2016 Xilinx, Inc. All Rights Reserved.
---------------------------------------------------------------------------------------------------------------------
| Tool Version : Vivado v.2016.4 (lin64) Build 1756540 Mon Jan 23 19:11:19 MST 2017
| Date         : Thu Jul  5 18:38:30 2018
| Host         : ubuntu-VirtualBox running 64-bit Ubuntu 16.04.3 LTS
| Command      : report_methodology -file ULA_PED_methodology_drc_routed.rpt -rpx ULA_PED_methodology_drc_routed.rpx
| Design       : ULA_PED
| Device       : xc7a35tcpg236-1
| Speed File   : -1
| Design State : Routed
---------------------------------------------------------------------------------------------------------------------

Report Methodology

Table of Contents
-----------------
1. REPORT SUMMARY
2. REPORT DETAILS

1. REPORT SUMMARY
-----------------
            Netlist: netlist
          Floorplan: design_1
      Design limits: <entire design considered>
             Max violations: <unlimited>
             Violations found: 55
+-----------+----------+-----------------------------+------------+
| Rule      | Severity | Description                 | Violations |
+-----------+----------+-----------------------------+------------+
| TIMING-17 | Warning  | Non-clocked sequential cell | 13         |
| TIMING-20 | Warning  | Non-clocked latch           | 42         |
+-----------+----------+-----------------------------+------------+

2. REPORT DETAILS
-----------------
TIMING-17#1 Warning
Non-clocked sequential cell  
The clock pin cathode_select_reg[0]/C is not reached by a timing clock
Related violations: <none>

TIMING-17#2 Warning
Non-clocked sequential cell  
The clock pin cathode_select_reg[1]/C is not reached by a timing clock
Related violations: <none>

TIMING-17#3 Warning
Non-clocked sequential cell  
The clock pin cathode_select_reg[2]/C is not reached by a timing clock
Related violations: <none>

TIMING-17#4 Warning
Non-clocked sequential cell  
The clock pin cathode_select_reg[3]/C is not reached by a timing clock
Related violations: <none>

TIMING-17#5 Warning
Non-clocked sequential cell  
The clock pin current_segment_reg[0]/C is not reached by a timing clock
Related violations: <none>

TIMING-17#6 Warning
Non-clocked sequential cell  
The clock pin current_segment_reg[1]/C is not reached by a timing clock
Related violations: <none>

TIMING-17#7 Warning
Non-clocked sequential cell  
The clock pin digit_pattern_array_reg[0]/C is not reached by a timing clock
Related violations: <none>

TIMING-17#8 Warning
Non-clocked sequential cell  
The clock pin digit_pattern_array_reg[1]/C is not reached by a timing clock
Related violations: <none>

TIMING-17#9 Warning
Non-clocked sequential cell  
The clock pin digit_pattern_array_reg[2]/C is not reached by a timing clock
Related violations: <none>

TIMING-17#10 Warning
Non-clocked sequential cell  
The clock pin digit_pattern_array_reg[3]/C is not reached by a timing clock
Related violations: <none>

TIMING-17#11 Warning
Non-clocked sequential cell  
The clock pin digit_pattern_array_reg[4]/C is not reached by a timing clock
Related violations: <none>

TIMING-17#12 Warning
Non-clocked sequential cell  
The clock pin digit_pattern_array_reg[5]/C is not reached by a timing clock
Related violations: <none>

TIMING-17#13 Warning
Non-clocked sequential cell  
The clock pin digit_pattern_array_reg[6]/C is not reached by a timing clock
Related violations: <none>

TIMING-20#1 Warning
Non-clocked latch  
The latch Auns_reg[0] cannot be properly analyzed as its control pin Auns_reg[0]/G is not reached by a timing clock
Related violations: <none>

TIMING-20#2 Warning
Non-clocked latch  
The latch Auns_reg[1] cannot be properly analyzed as its control pin Auns_reg[1]/G is not reached by a timing clock
Related violations: <none>

TIMING-20#3 Warning
Non-clocked latch  
The latch Auns_reg[2] cannot be properly analyzed as its control pin Auns_reg[2]/G is not reached by a timing clock
Related violations: <none>

TIMING-20#4 Warning
Non-clocked latch  
The latch Auns_reg[3] cannot be properly analyzed as its control pin Auns_reg[3]/G is not reached by a timing clock
Related violations: <none>

TIMING-20#5 Warning
Non-clocked latch  
The latch Buns_reg[0] cannot be properly analyzed as its control pin Buns_reg[0]/G is not reached by a timing clock
Related violations: <none>

TIMING-20#6 Warning
Non-clocked latch  
The latch Buns_reg[1] cannot be properly analyzed as its control pin Buns_reg[1]/G is not reached by a timing clock
Related violations: <none>

TIMING-20#7 Warning
Non-clocked latch  
The latch Buns_reg[2] cannot be properly analyzed as its control pin Buns_reg[2]/G is not reached by a timing clock
Related violations: <none>

TIMING-20#8 Warning
Non-clocked latch  
The latch Buns_reg[3] cannot be properly analyzed as its control pin Buns_reg[3]/G is not reached by a timing clock
Related violations: <none>

TIMING-20#9 Warning
Non-clocked latch  
The latch F_reg[0]/L7 (in F_reg[0] macro) cannot be properly analyzed as its control pin F_reg[0]/L7/G is not reached by a timing clock
Related violations: <none>

TIMING-20#10 Warning
Non-clocked latch  
The latch F_reg[1]/L7 (in F_reg[1] macro) cannot be properly analyzed as its control pin F_reg[1]/L7/G is not reached by a timing clock
Related violations: <none>

TIMING-20#11 Warning
Non-clocked latch  
The latch F_reg[2]/L7 (in F_reg[2] macro) cannot be properly analyzed as its control pin F_reg[2]/L7/G is not reached by a timing clock
Related violations: <none>

TIMING-20#12 Warning
Non-clocked latch  
The latch F_reg[3]/L7 (in F_reg[3] macro) cannot be properly analyzed as its control pin F_reg[3]/L7/G is not reached by a timing clock
Related violations: <none>

TIMING-20#13 Warning
Non-clocked latch  
The latch Quns_reg[0] cannot be properly analyzed as its control pin Quns_reg[0]/G is not reached by a timing clock
Related violations: <none>

TIMING-20#14 Warning
Non-clocked latch  
The latch Quns_reg[1] cannot be properly analyzed as its control pin Quns_reg[1]/G is not reached by a timing clock
Related violations: <none>

TIMING-20#15 Warning
Non-clocked latch  
The latch Quns_reg[2] cannot be properly analyzed as its control pin Quns_reg[2]/G is not reached by a timing clock
Related violations: <none>

TIMING-20#16 Warning
Non-clocked latch  
The latch Quns_reg[3] cannot be properly analyzed as its control pin Quns_reg[3]/G is not reached by a timing clock
Related violations: <none>

TIMING-20#17 Warning
Non-clocked latch  
The latch Runs_reg[0] cannot be properly analyzed as its control pin Runs_reg[0]/G is not reached by a timing clock
Related violations: <none>

TIMING-20#18 Warning
Non-clocked latch  
The latch Runs_reg[1] cannot be properly analyzed as its control pin Runs_reg[1]/G is not reached by a timing clock
Related violations: <none>

TIMING-20#19 Warning
Non-clocked latch  
The latch Runs_reg[2] cannot be properly analyzed as its control pin Runs_reg[2]/G is not reached by a timing clock
Related violations: <none>

TIMING-20#20 Warning
Non-clocked latch  
The latch Runs_reg[3] cannot be properly analyzed as its control pin Runs_reg[3]/G is not reached by a timing clock
Related violations: <none>

TIMING-20#21 Warning
Non-clocked latch  
The latch error_reg cannot be properly analyzed as its control pin error_reg/G is not reached by a timing clock
Related violations: <none>

TIMING-20#22 Warning
Non-clocked latch  
The latch hex2_reg[0] cannot be properly analyzed as its control pin hex2_reg[0]/G is not reached by a timing clock
Related violations: <none>

TIMING-20#23 Warning
Non-clocked latch  
The latch hex2_reg[3]/L7 (in hex2_reg[3] macro) cannot be properly analyzed as its control pin hex2_reg[3]/L7/G is not reached by a timing clock
Related violations: <none>

TIMING-20#24 Warning
Non-clocked latch  
The latch hex3_reg[0] cannot be properly analyzed as its control pin hex3_reg[0]/G is not reached by a timing clock
Related violations: <none>

TIMING-20#25 Warning
Non-clocked latch  
The latch hex3_reg[3] cannot be properly analyzed as its control pin hex3_reg[3]/G is not reached by a timing clock
Related violations: <none>

TIMING-20#26 Warning
Non-clocked latch  
The latch hex4_reg[0] cannot be properly analyzed as its control pin hex4_reg[0]/G is not reached by a timing clock
Related violations: <none>

TIMING-20#27 Warning
Non-clocked latch  
The latch temp8_reg[0] cannot be properly analyzed as its control pin temp8_reg[0]/G is not reached by a timing clock
Related violations: <none>

TIMING-20#28 Warning
Non-clocked latch  
The latch temp8_reg[1] cannot be properly analyzed as its control pin temp8_reg[1]/G is not reached by a timing clock
Related violations: <none>

TIMING-20#29 Warning
Non-clocked latch  
The latch temp8_reg[2] cannot be properly analyzed as its control pin temp8_reg[2]/G is not reached by a timing clock
Related violations: <none>

TIMING-20#30 Warning
Non-clocked latch  
The latch temp8_reg[3] cannot be properly analyzed as its control pin temp8_reg[3]/G is not reached by a timing clock
Related violations: <none>

TIMING-20#31 Warning
Non-clocked latch  
The latch temp8_reg[4] cannot be properly analyzed as its control pin temp8_reg[4]/G is not reached by a timing clock
Related violations: <none>

TIMING-20#32 Warning
Non-clocked latch  
The latch temp8_reg[5] cannot be properly analyzed as its control pin temp8_reg[5]/G is not reached by a timing clock
Related violations: <none>

TIMING-20#33 Warning
Non-clocked latch  
The latch temp8_reg[6] cannot be properly analyzed as its control pin temp8_reg[6]/G is not reached by a timing clock
Related violations: <none>

TIMING-20#34 Warning
Non-clocked latch  
The latch temp8_reg[7] cannot be properly analyzed as its control pin temp8_reg[7]/G is not reached by a timing clock
Related violations: <none>

TIMING-20#35 Warning
Non-clocked latch  
The latch temp8a_reg[0] cannot be properly analyzed as its control pin temp8a_reg[0]/G is not reached by a timing clock
Related violations: <none>

TIMING-20#36 Warning
Non-clocked latch  
The latch temp8a_reg[1] cannot be properly analyzed as its control pin temp8a_reg[1]/G is not reached by a timing clock
Related violations: <none>

TIMING-20#37 Warning
Non-clocked latch  
The latch temp8a_reg[2] cannot be properly analyzed as its control pin temp8a_reg[2]/G is not reached by a timing clock
Related violations: <none>

TIMING-20#38 Warning
Non-clocked latch  
The latch temp8a_reg[3] cannot be properly analyzed as its control pin temp8a_reg[3]/G is not reached by a timing clock
Related violations: <none>

TIMING-20#39 Warning
Non-clocked latch  
The latch temp8b_reg[0] cannot be properly analyzed as its control pin temp8b_reg[0]/G is not reached by a timing clock
Related violations: <none>

TIMING-20#40 Warning
Non-clocked latch  
The latch temp8b_reg[1] cannot be properly analyzed as its control pin temp8b_reg[1]/G is not reached by a timing clock
Related violations: <none>

TIMING-20#41 Warning
Non-clocked latch  
The latch temp8b_reg[2] cannot be properly analyzed as its control pin temp8b_reg[2]/G is not reached by a timing clock
Related violations: <none>

TIMING-20#42 Warning
Non-clocked latch  
The latch temp8b_reg[3] cannot be properly analyzed as its control pin temp8b_reg[3]/G is not reached by a timing clock
Related violations: <none>


